mode: set
github.com/markliederbach/go-envy/env.go:16.59,17.16 1 1
github.com/markliederbach/go-envy/env.go:21.2,24.38 3 1
github.com/markliederbach/go-envy/env.go:40.2,41.12 2 1
github.com/markliederbach/go-envy/env.go:17.16,19.3 1 0
github.com/markliederbach/go-envy/env.go:24.38,28.18 3 1
github.com/markliederbach/go-envy/env.go:28.18,30.18 2 1
github.com/markliederbach/go-envy/env.go:30.18,32.5 1 0
github.com/markliederbach/go-envy/env.go:33.9,35.18 2 1
github.com/markliederbach/go-envy/env.go:35.18,37.5 1 0
github.com/markliederbach/go-envy/env.go:46.29,47.17 1 1
github.com/markliederbach/go-envy/env.go:51.2,51.37 1 1
github.com/markliederbach/go-envy/env.go:64.2,65.39 2 1
github.com/markliederbach/go-envy/env.go:47.17,48.46 1 1
github.com/markliederbach/go-envy/env.go:51.37,52.18 1 1
github.com/markliederbach/go-envy/env.go:52.18,54.18 2 1
github.com/markliederbach/go-envy/env.go:54.18,55.15 1 0
github.com/markliederbach/go-envy/env.go:57.9,59.18 2 1
github.com/markliederbach/go-envy/env.go:59.18,60.15 1 0
github.com/markliederbach/go-envy/patch.go:20.49,21.9 1 1
github.com/markliederbach/go-envy/patch.go:22.45,23.13 1 1
github.com/markliederbach/go-envy/patch.go:24.10,25.38 1 1
github.com/markliederbach/go-envy/patch.go:30.42,31.9 1 1
github.com/markliederbach/go-envy/patch.go:32.44,33.13 1 1
github.com/markliederbach/go-envy/patch.go:34.10,35.37 1 1
github.com/markliederbach/go-envy/patch.go:40.71,41.27 1 1
github.com/markliederbach/go-envy/patch.go:48.2,48.12 1 1
github.com/markliederbach/go-envy/patch.go:41.27,42.50 1 1
github.com/markliederbach/go-envy/patch.go:42.50,44.4 1 1
github.com/markliederbach/go-envy/patch.go:44.9,46.4 1 1
github.com/markliederbach/go-envy/patch.go:52.64,53.27 1 1
github.com/markliederbach/go-envy/patch.go:60.2,60.12 1 1
github.com/markliederbach/go-envy/patch.go:53.27,54.49 1 1
github.com/markliederbach/go-envy/patch.go:54.49,56.4 1 1
github.com/markliederbach/go-envy/patch.go:56.9,58.4 1 1
